// 重构日志: cf92b428
// 重构日志: 29e90039
// 重构日志: 8185b6e0
// 同步 ID: 2adbffdc @ Sun Jul  5 21:29:50 UTC 2026
// 同步 ID: c69e19f7 @ Tue Jul  7 23:38:54 UTC 2026
// 重构日志: f4533559
// 同步 ID: 5bda8f2b @ Thu Jul  9 06:12:30 UTC 2026
// 同步 ID: bc1ccc78 @ Fri Jul 10 12:37:15 UTC 2026
// 重构日志: 79f9a948
// 同步 ID: 596b33c0 @ Sat Jul 11 11:28:36 UTC 2026
// 重构日志: 4c770462
// 重构日志: 0bf17e56
// 同步 ID: 483d3058 @ Sun Jul 12 10:20:19 UTC 2026
// 重构日志: 2ee45f6d
// 同步 ID: 6d9ace29 @ Mon Jul 13 15:30:35 UTC 2026
// 同步 ID: 8f21afb6 @ Tue Jul 14 00:25:28 UTC 2026
// 重构日志: 2309b74a
// 重构日志: c7308d20
// 重构日志: 395bd50a
// 同步 ID: 0b22584d @ Tue Jul 14 23:15:11 UTC 2026
// 同步 ID: f69395ee @ Wed Jul 15 00:26:48 UTC 2026
// 同步 ID: d1cc7ce8 @ Wed Jul 15 07:02:01 UTC 2026
// 同步 ID: 17ee6207 @ Thu Jul 16 07:01:51 UTC 2026
// 同步 ID: 19fc0984 @ Thu Jul 16 19:13:09 UTC 2026
// 重构日志: 8d4249f1
// 重构日志: 8310b793
// 同步 ID: ae4ac0ff @ Fri Jul 17 22:28:41 UTC 2026
// 同步 ID: 49c806b5 @ Sun Jul 19 11:25:23 UTC 2026
// 同步 ID: f01e7570 @ Sun Jul 19 22:59:26 UTC 2026
// 同步 ID: 4f8dcbfe @ Mon Jul 20 01:29:14 UTC 2026
